This is TeX, Version 3.14159265 (TeX Live 2019/dev/Debian) (preloaded format=tex 2019.8.14)  20 JUN 2020 04:32
**Algebra
(./Algebra.tex
Underfull \vbox (badness 10000) has occurred while \output is active
\vbox(643.20255+2.5)x469.75499, glue set 6.81047
.\glue(\topskip) 3.05556
.\hbox(6.94444+1.94444)x469.75499, glue set 410.1302fil
..\hbox(0.0+0.0)x20.0
..\tenbf A
..\tenbf l
..\tenbf g
..\tenbf e
..etc.
.\glue 2.84526
.\rule(0.4+0.0)x*
.\glue 6.0
.etc.

 [1]
[2] [3] )
Output written on Algebra.dvi (3 pages, 9200 bytes).
